#
# A fatal error has been detected by the Java Runtime Environment:
#
#  SIGSEGV (0xb) at pc=0x0000000000736f63, pid=11343, tid=0x0000000000000307
#
# JRE version: Java(TM) SE Runtime Environment (8.0_181-b13) (build 1.8.0_181-b13)
# Java VM: Java HotSpot(TM) 64-Bit Server VM (25.181-b13 mixed mode bsd-amd64 compressed oops)
# Problematic frame:
# C  0x0000000000736f63
#
# Failed to write core dump. Core dumps have been disabled. To enable core dumping, try "ulimit -c unlimited" before starting Java again
#
# If you would like to submit a bug report, please visit:
#   http://bugreport.java.com/bugreport/crash.jsp
# The crash happened outside the Java Virtual Machine in native code.
# See problematic frame for where to report the bug.
#

---------------  T H R E A D  ---------------

Current thread (0x00000001099b5800):  JavaThread "main" [_thread_in_native, id=775, stack(0x00007ffeef400000,0x00007ffeefc00000)]

siginfo: si_signo: 11 (SIGSEGV), si_code: 1 (SEGV_MAPERR), si_addr: 0x000000015a6e4000

Registers:
RAX=0x958139454ef600af, RBX=0x0000000000000001, RCX=0x00007ffeefbe39d8, RDX=0x00007ffeefbe3970
RSP=0x00007ffeefbe3948, RBP=0x00007ffeefbe3b70, RSI=0x00007ffeefbe39e0, RDI=0x00007ffeefbe3a28
R8 =0x00000001038078e0, R9 =0x0000000101582fa4, R10=0x0000000000000021, R11=0x0000000126710500
R12=0x0000000000000001, R13=0x000000010785e540, R14=0x0000000128c26670, R15=0x000000013b045f68
RIP=0x0000000000736f63, EFLAGS=0x0000000000000206, ERR=0x00000000020000b8
  TRAPNO=0x0000000000000085

Top of Stack: (sp=0x00007ffeefbe3948)
0x00007ffeefbe3948:   00000001256beb63 00000001038078e0
0x00007ffeefbe3958:   0000000138368f38 0000000101582fc4
0x00007ffeefbe3968:   00000001015835d0 000000010383b790
0x00007ffeefbe3978:   0000000000000000 00007ffeefbe3b70
0x00007ffeefbe3988:   0000000101239fad 0000000000000010
0x00007ffeefbe3998:   00000001015835d0 00000000128af5de
0x00007ffeefbe39a8:   0000000128af5d40 f688400070001006
0x00007ffeefbe39b8:   000000000000ffff 00000000132cdb18
0x00007ffeefbe39c8:   0000000000000006 00000000000000d0
0x00007ffeefbe39d8:   000000000000000d 0000000000000000
0x00007ffeefbe39e8:   0000000000000000 000004be00000664
0x00007ffeefbe39f8:   0000000000000000 000004be00000664
0x00007ffeefbe3a08:   0000000000000000 0000000000000000
0x00007ffeefbe3a18:   3ff0000000000000 4052000000000000
0x00007ffeefbe3a28:   4052000000000000 aaaaaaaaaaaaaa01
0x00007ffeefbe3a38:   00007ffeefbe39f8 00007ffeefbe3b20
0x00007ffeefbe3a48:   0000000000000001 00000001311aefc8
0x00007ffeefbe3a58:   00000001407d5510 0000000133719e00
0x00007ffeefbe3a68:   00000001015835b8 0000000000000001
0x00007ffeefbe3a78:   00007ffeefbe3b20 00007ffeefbe3ab0
0x00007ffeefbe3a88:   00007fff2df69d7e 0000000000000000
0x00007ffeefbe3a98:   00000001407d5510 0000000101ae6ff0
0x00007ffeefbe3aa8:   00000001407d5510 00007ffeefbe3b20
0x00007ffeefbe3ab8:   0000000101230ab2 0000000000000000
0x00007ffeefbe3ac8:   0000000000000000 0000000138368ec8
0x00007ffeefbe3ad8:   00000001038075d0 000000013ae47fc0
0x00007ffeefbe3ae8:   000000013b045f68 00007ffeefbe3b30
0x00007ffeefbe3af8:   00000001011b9e05 0000000000000000
0x00007ffeefbe3b08:   0000000000000021 00000001015835d0
0x00007ffeefbe3b18:   0000000101583500 00000000014796c0
0x00007ffeefbe3b28:   000000010367d910 00007ffeefbe3b70
0x00007ffeefbe3b38:   00000001038e5390 958139454ef600af 

Instructions: (pc=0x0000000000736f63)
0x0000000000736f43:   
[error occurred during error reporting (printing registers, top of stack, instructions near pc), id 0xb]

Register to memory mapping:

RAX=0x958139454ef600af is an unknown value
RBX=0x0000000000000001 is an unknown value
RCX=0x00007ffeefbe39d8 is pointing into the stack for thread: 0x00000001099b5800
RDX=0x00007ffeefbe3970 is pointing into the stack for thread: 0x00000001099b5800
RSP=0x00007ffeefbe3948 is pointing into the stack for thread: 0x00000001099b5800
RBP=0x00007ffeefbe3b70 is pointing into the stack for thread: 0x00000001099b5800
RSI=0x00007ffeefbe39e0 is pointing into the stack for thread: 0x00000001099b5800
RDI=0x00007ffeefbe3a28 is pointing into the stack for thread: 0x00000001099b5800
R8 =0x00000001038078e0 is an unknown value
R9 =0x0000000101582fa4: R_EvalDepth+0 in /Library/Frameworks/R.framework/Versions/3.6/Resources/lib/libR.dylib at 0x0000000101185000
R10=0x0000000000000021 is an unknown value
R11=0x0000000126710500 is an unknown value
R12=0x0000000000000001 is an unknown value
R13=0x000000010785e540 is an unknown value
R14=0x0000000128c26670 is an unknown value
R15=0x000000013b045f68 is an unknown value


Stack: [0x00007ffeef400000,0x00007ffeefc00000],  sp=0x00007ffeefbe3948,  free space=8078k
Native frames: (J=compiled Java code, j=interpreted, Vv=VM code, C=native code)
C  0x0000000000736f63
C  [grid.so+0x19ab3]  initVP+0x153
C  [grid.so+0x129a5]  gridCallback+0x325
C  [libR.dylib+0x9cac7]  GEplayDisplayList+0x57
C  [libR.dylib+0x9ccd8]  GEcopyDisplayList+0x98
C  [rsession+0x82d7b0]  _ZN7rstudio1r7session12_GLOBAL__N_120rs_GEcopyDisplayListEP7SEXPREC+0x10
C  [libR.dylib+0x8387a]  R_doDotCall+0x3aa
C  [libR.dylib+0x85723]  do_dotcall+0x143
C  [libR.dylib+0xb4f3b]  Rf_eval+0x67b
C  [libR.dylib+0xd19f3]  forcePromise+0xb3
C  [libR.dylib+0xdc27c]  getvar+0x33c
C  [libR.dylib+0xb9024]  bcEval+0x3e74
C  [libR.dylib+0xb4a7d]  Rf_eval+0x1bd
C  [libR.dylib+0xd19f3]  forcePromise+0xb3
C  [libR.dylib+0xdc27c]  getvar+0x33c
C  [libR.dylib+0xb9024]  bcEval+0x3e74
C  [libR.dylib+0xb4a7d]  Rf_eval+0x1bd
C  [libR.dylib+0xd19f3]  forcePromise+0xb3
C  [libR.dylib+0xdc27c]  getvar+0x33c
C  [libR.dylib+0xb9024]  bcEval+0x3e74
C  [libR.dylib+0xb4a7d]  Rf_eval+0x1bd
C  [libR.dylib+0xd19f3]  forcePromise+0xb3
C  [libR.dylib+0xdc27c]  getvar+0x33c
C  [libR.dylib+0xb9024]  bcEval+0x3e74
C  [libR.dylib+0xb4a7d]  Rf_eval+0x1bd
C  [libR.dylib+0xd3339]  R_execClosure+0x869
C  [libR.dylib+0xd223a]  Rf_applyClosure+0x15a
C  [libR.dylib+0xbbea1]  bcEval+0x6cf1
C  [libR.dylib+0xb4a7d]  Rf_eval+0x1bd
C  [libR.dylib+0xd3339]  R_execClosure+0x869
C  [libR.dylib+0xd223a]  Rf_applyClosure+0x15a
C  [libR.dylib+0xbbea1]  bcEval+0x6cf1
C  [libR.dylib+0xb4a7d]  Rf_eval+0x1bd
C  [libR.dylib+0xd3339]  R_execClosure+0x869
C  [libR.dylib+0xd223a]  Rf_applyClosure+0x15a
C  [libR.dylib+0xbbea1]  bcEval+0x6cf1
C  [libR.dylib+0xb4a7d]  Rf_eval+0x1bd
C  [libR.dylib+0xd3339]  R_execClosure+0x869
C  [libR.dylib+0xd223a]  Rf_applyClosure+0x15a
C  [libR.dylib+0xb4fad]  Rf_eval+0x6ed
C  [libR.dylib+0xd59b0]  do_begin+0x1b0
C  [libR.dylib+0xb4c70]  Rf_eval+0x3b0
C  [libR.dylib+0xd3339]  R_execClosure+0x869
C  [libR.dylib+0xd223a]  Rf_applyClosure+0x15a
C  [libR.dylib+0xb4fad]  Rf_eval+0x6ed
C  [libR.dylib+0x70044]  protectedEval+0x24
C  [libR.dylib+0x6ff1c]  R_ToplevelExec+0x26c
C  [libR.dylib+0x6ffec]  R_tryEval+0x2c
C  [rsession+0x7f0487]  _ZN7rstudio1r4exec12_GLOBAL__N_125evaluateExpressionsUnsafeEP7SEXPRECS4_PS4_PNS0_4sexp7ProtectENS2_8EvalTypeE+0x197
C  [rsession+0x7f177e]  _ZN7rstudio1r4exec9RFunction4callEP7SEXPRECbPS4_PNS0_4sexp7ProtectE+0x15e
C  [rsession+0x7f15e2]  _ZN7rstudio1r4exec9RFunction4callEP7SEXPRECb+0x32
C  [rsession+0x84d6be]  _ZN7rstudio1r7session8graphics7handler6shadow12_GLOBAL__N_113shadowDevSyncEPNS3_13DeviceContextE+0xfe
C  [rsession+0x84d259]  _ZN7rstudio1r7session8graphics7handler6shadow10writeToPNGERKNS_4core8FilePathEPNS3_13DeviceContextE+0x29
C  [rsession+0x833044]  _ZN7rstudio1r7session8graphics6device12_GLOBAL__N_112saveSnapshotERKNS_4core8FilePathES8_+0x1f4
C  [rsession+0x834aa4]  _ZN13rstudio_boost6detail8function17function_invoker2IPFN7rstudio4core5ErrorERKNS4_8FilePathES8_ES5_S8_S8_E6invokeERNS1_15function_bufferES8_S8_+0x14
C  [rsession+0x836d11]  _ZN7rstudio1r7session8graphics4Plot17renderFromDisplayEv+0x121
C  [rsession+0x842a75]  _ZN7rstudio1r7session8graphics11PlotManager6renderEN13rstudio_boost8functionIFvNS2_12DisplayStateEEEE+0x1a5
C  [rsession+0x2ce8cf]  _ZN7rstudio7session7modules5plots12_GLOBAL__N_122onBackgroundProcessingEb+0xef
C  [rsession+0x117ea8]  _ZN13rstudio_boost7signal1IvbNS_10last_valueIvEEiSt4lessIiENS_8functionIFvbEEEEclEb+0x148
C  [rsession+0x11e4e2]  _ZN7rstudio7session14module_context22onBackgroundProcessingEb+0xc2
C  [rsession+0xf6057]  _ZN7rstudio7session12_GLOBAL__N_118polledEventHandlerEv+0x157
C  [rsession+0x84e9f2]  _ZN7rstudio1r7session10event_loop12_GLOBAL__N_118polledEventHandlerEv+0x12
C  [libR.dylib+0x1f8437]  R_ProcessEvents+0x37
C  [libR.dylib+0xad1cd]  R_CheckUserInterrupt+0x4d
C  [libR.dylib+0x6ff1c]  R_ToplevelExec+0x26c
C  [later.so+0xead0]  _ZNK16CallbackRegistry4waitEd+0x180
C  [later.so+0x13a4d]  _Z13execCallbacksdbi+0x8d
C  [later.so+0x474d]  _later_execCallbacks+0x7d
C  [libR.dylib+0x838a0]  R_doDotCall+0x3d0
C  [libR.dylib+0x85723]  do_dotcall+0x143
C  [libR.dylib+0xbc2b6]  bcEval+0x7106
C  [libR.dylib+0xb4a7d]  Rf_eval+0x1bd
C  [libR.dylib+0xd3339]  R_execClosure+0x869
C  [libR.dylib+0xd223a]  Rf_applyClosure+0x15a
C  [libR.dylib+0xbbea1]  bcEval+0x6cf1
C  [libR.dylib+0xb4a7d]  Rf_eval+0x1bd
C  [libR.dylib+0xd19f3]  forcePromise+0xb3
C  [libR.dylib+0xdc27c]  getvar+0x33c
C  [libR.dylib+0xb9024]  bcEval+0x3e74
C  [libR.dylib+0xb4a7d]  Rf_eval+0x1bd
C  [libR.dylib+0xd19f3]  forcePromise+0xb3
C  [libR.dylib+0xdc27c]  getvar+0x33c
C  [libR.dylib+0xb9024]  bcEval+0x3e74
C  [libR.dylib+0xb4a7d]  Rf_eval+0x1bd
C  [libR.dylib+0xd3339]  R_execClosure+0x869
C  [libR.dylib+0xd223a]  Rf_applyClosure+0x15a
C  [libR.dylib+0xbbea1]  bcEval+0x6cf1
C  [libR.dylib+0xb4a7d]  Rf_eval+0x1bd
C  [libR.dylib+0xd3339]  R_execClosure+0x869
C  [libR.dylib+0xd223a]  Rf_applyClosure+0x15a
C  [libR.dylib+0xbbea1]  bcEval+0x6cf1
C  [libR.dylib+0xb4a7d]  Rf_eval+0x1bd
C  [libR.dylib+0xd3339]  R_execClosure+0x869
C  [libR.dylib+0xd223a]  Rf_applyClosure+0x15a
C  [libR.dylib+0xbbea1]  bcEval+0x6cf1
C  [libR.dylib+0xb4a7d]  Rf_eval+0x1bd
C  [libR.dylib+0xd3339]  R_execClosure+0x869
C  [libR.dylib+0xd223a]  Rf_applyClosure+0x15a
C  [libR.dylib+0xbbea1]  bcEval+0x6cf1
C  [libR.dylib+0xb4a7d]  Rf_eval+0x1bd
...<more frames>...


---------------  P R O C E S S  ---------------

Java Threads: ( => current thread )
  0x00000001037ed000 JavaThread "Service Thread" daemon [_thread_blocked, id=17667, stack(0x0000700008dc5000,0x0000700008ec5000)]
  0x00000001028d0000 JavaThread "C1 CompilerThread3" daemon [_thread_blocked, id=17923, stack(0x0000700008cc2000,0x0000700008dc2000)]
  0x0000000104e2b000 JavaThread "C2 CompilerThread2" daemon [_thread_blocked, id=18179, stack(0x0000700008bbf000,0x0000700008cbf000)]
  0x0000000104e58000 JavaThread "C2 CompilerThread1" daemon [_thread_blocked, id=18435, stack(0x0000700008abc000,0x0000700008bbc000)]
  0x000000010980b000 JavaThread "C2 CompilerThread0" daemon [_thread_blocked, id=18691, stack(0x00007000089b9000,0x0000700008ab9000)]
  0x0000000103203000 JavaThread "Attach Listener" daemon [_thread_blocked, id=19203, stack(0x00007000088b6000,0x00007000089b6000)]
  0x00000001021dd800 JavaThread "Finalizer" daemon [_thread_blocked, id=12035, stack(0x00007000086ad000,0x00007000087ad000)]
  0x0000000104a62800 JavaThread "Reference Handler" daemon [_thread_blocked, id=20995, stack(0x00007000085aa000,0x00007000086aa000)]
=>0x00000001099b5800 JavaThread "main" [_thread_in_native, id=775, stack(0x00007ffeef400000,0x00007ffeefc00000)]

Other Threads:
  0x0000000104e4a800 VMThread [stack: 0x00007000084a7000,0x00007000085a7000] [id=21251]
  0x000000010313c800 WatcherThread [stack: 0x0000700008ec8000,0x0000700008fc8000] [id=17155]

VM state:not at safepoint (normal execution)

VM Mutex/Monitor currently owned by a thread: None

Heap:
 PSYoungGen      total 141824K, used 3251K [0x00000007b5580000, 0x00000007bea80000, 0x00000007c0000000)
  eden space 131072K, 2% used [0x00000007b5580000,0x00000007b58acdb0,0x00000007bd580000)
  from space 10752K, 0% used [0x00000007bd580000,0x00000007bd580000,0x00000007be000000)
  to   space 10752K, 0% used [0x00000007be000000,0x00000007be000000,0x00000007bea80000)
 ParOldGen       total 175104K, used 1746K [0x00000007a0000000, 0x00000007aab00000, 0x00000007b5580000)
  object space 175104K, 0% used [0x00000007a0000000,0x00000007a01b4890,0x00000007aab00000)
 Metaspace       used 6295K, capacity 6488K, committed 6656K, reserved 1056768K
  class space    used 646K, capacity 692K, committed 768K, reserved 1048576K

Card table byte_map: [0x000000010b922000,0x000000010ba23000] byte_map_base: 0x0000000107c22000

Marking Bits: (ParMarkBitMap*) 0x000000010b227cd0
 Begin Bits: [0x000000011c000000, 0x000000011c800000)
 End Bits:   [0x000000011c800000, 0x000000011d000000)

Polling page: 0x0000000101955000

CodeCache: size=245760Kb used=3047Kb max_used=3062Kb free=242712Kb
 bounds [0x000000010d000000, 0x000000010d310000, 0x000000011c000000]
 total_blobs=877 nmethods=584 adapters=207
 compilation: enabled

Compilation events (10 events):
Event: 50425.601 Thread 0x00000001028d0000  581       3       org.postgresql.jdbc.PgStatement::checkClosed (28 bytes)
Event: 50425.601 Thread 0x000000010980b000 nmethod 579 0x000000010d2e43d0 code [0x000000010d2e4520, 0x000000010d2e45b8]
Event: 50425.601 Thread 0x00000001028d0000 nmethod 581 0x000000010d2e6390 code [0x000000010d2e6520, 0x000000010d2e6918]
Event: 50425.602 Thread 0x0000000104e2b000  582   !   4       org.postgresql.core.v3.QueryExecutorImpl::processResults (2095 bytes)
Event: 50425.602 Thread 0x00000001028d0000  583       1       org.postgresql.core.v3.SimpleQuery::getFields (5 bytes)
Event: 50425.602 Thread 0x00000001028d0000 nmethod 583 0x000000010d2a7950 code [0x000000010d2a7aa0, 0x000000010d2a7bb0]
Event: 50425.606 Thread 0x00000001028d0000  584       3       org.postgresql.core.PGStream::receiveString (45 bytes)
Event: 50425.617 Thread 0x00000001028d0000 nmethod 584 0x000000010d2e5550 code [0x000000010d2e56e0, 0x000000010d2e5a28]
Event: 50425.659 Thread 0x0000000104e58000 nmethod 580 0x000000010d2f7ed0 code [0x000000010d2f8160, 0x000000010d2f9b88]
Event: 50425.702 Thread 0x0000000104e2b000 nmethod 582 0x000000010d2faa50 code [0x000000010d2fb440, 0x000000010d2fe078]

GC Heap History (10 events):
Event: 50425.498 GC heap before
{Heap before GC invocations=21 (full 10):
 PSYoungGen      total 141824K, used 608K [0x00000007b5580000, 0x00000007bea80000, 0x00000007c0000000)
  eden space 131072K, 0% used [0x00000007b5580000,0x00000007b5580000,0x00000007bd580000)
  from space 10752K, 5% used [0x00000007bd580000,0x00000007bd618000,0x00000007be000000)
  to   space 10752K, 0% used [0x00000007be000000,0x00000007be000000,0x00000007bea80000)
 ParOldGen       total 175104K, used 1328K [0x00000007a0000000, 0x00000007aab00000, 0x00000007b5580000)
  object space 175104K, 0% used [0x00000007a0000000,0x00000007a014c130,0x00000007aab00000)
 Metaspace       used 6292K, capacity 6488K, committed 6656K, reserved 1056768K
  class space    used 646K, capacity 692K, committed 768K, reserved 1048576K
Event: 50425.506 GC heap after
Heap after GC invocations=21 (full 10):
 PSYoungGen      total 141824K, used 0K [0x00000007b5580000, 0x00000007bea80000, 0x00000007c0000000)
  eden space 131072K, 0% used [0x00000007b5580000,0x00000007b5580000,0x00000007bd580000)
  from space 10752K, 0% used [0x00000007bd580000,0x00000007bd580000,0x00000007be000000)
  to   space 10752K, 0% used [0x00000007be000000,0x00000007be000000,0x00000007bea80000)
 ParOldGen       total 175104K, used 1778K [0x00000007a0000000, 0x00000007aab00000, 0x00000007b5580000)
  object space 175104K, 1% used [0x00000007a0000000,0x00000007a01bc9d0,0x00000007aab00000)
 Metaspace       used 6292K, capacity 6488K, committed 6656K, reserved 1056768K
  class space    used 646K, capacity 692K, committed 768K, reserved 1048576K
}
Event: 50425.555 GC heap before
{Heap before GC invocations=22 (full 10):
 PSYoungGen      total 141824K, used 5136K [0x00000007b5580000, 0x00000007bea80000, 0x00000007c0000000)
  eden space 131072K, 3% used [0x00000007b5580000,0x00000007b5a84060,0x00000007bd580000)
  from space 10752K, 0% used [0x00000007bd580000,0x00000007bd580000,0x00000007be000000)
  to   space 10752K, 0% used [0x00000007be000000,0x00000007be000000,0x00000007bea80000)
 ParOldGen       total 175104K, used 1778K [0x00000007a0000000, 0x00000007aab00000, 0x00000007b5580000)
  object space 175104K, 1% used [0x00000007a0000000,0x00000007a01bc9d0,0x00000007aab00000)
 Metaspace       used 6292K, capacity 6488K, committed 6656K, reserved 1056768K
  class space    used 646K, capacity 692K, committed 768K, reserved 1048576K
Event: 50425.556 GC heap after
Heap after GC invocations=22 (full 10):
 PSYoungGen      total 141824K, used 576K [0x00000007b5580000, 0x00000007bea80000, 0x00000007c0000000)
  eden space 131072K, 0% used [0x00000007b5580000,0x00000007b5580000,0x00000007bd580000)
  from space 10752K, 5% used [0x00000007be000000,0x00000007be090000,0x00000007bea80000)
  to   space 10752K, 0% used [0x00000007bd580000,0x00000007bd580000,0x00000007be000000)
 ParOldGen       total 175104K, used 1778K [0x00000007a0000000, 0x00000007aab00000, 0x00000007b5580000)
  object space 175104K, 1% used [0x00000007a0000000,0x00000007a01bc9d0,0x00000007aab00000)
 Metaspace       used 6292K, capacity 6488K, committed 6656K, reserved 1056768K
  class space    used 646K, capacity 692K, committed 768K, reserved 1048576K
}
Event: 50425.556 GC heap before
{Heap before GC invocations=23 (full 11):
 PSYoungGen      total 141824K, used 576K [0x00000007b5580000, 0x00000007bea80000, 0x00000007c0000000)
  eden space 131072K, 0% used [0x00000007b5580000,0x00000007b5580000,0x00000007bd580000)
  from space 10752K, 5% used [0x00000007be000000,0x00000007be090000,0x00000007bea80000)
  to   space 10752K, 0% used [0x00000007bd580000,0x00000007bd580000,0x00000007be000000)
 ParOldGen       total 175104K, used 1778K [0x00000007a0000000, 0x00000007aab00000, 0x00000007b5580000)
  object space 175104K, 1% used [0x00000007a0000000,0x00000007a01bc9d0,0x00000007aab00000)
 Metaspace       used 6292K, capacity 6488K, committed 6656K, reserved 1056768K
  class space    used 646K, capacity 692K, committed 768K, reserved 1048576K
Event: 50425.566 GC heap after
Heap after GC invocations=23 (full 11):
 PSYoungGen      total 141824K, used 0K [0x00000007b5580000, 0x00000007bea80000, 0x00000007c0000000)
  eden space 131072K, 0% used [0x00000007b5580000,0x00000007b5580000,0x00000007bd580000)
  from space 10752K, 0% used [0x00000007be000000,0x00000007be000000,0x00000007bea80000)
  to   space 10752K, 0% used [0x00000007bd580000,0x00000007bd580000,0x00000007be000000)
 ParOldGen       total 175104K, used 1744K [0x00000007a0000000, 0x00000007aab00000, 0x00000007b5580000)
  object space 175104K, 0% used [0x00000007a0000000,0x00000007a01b40a0,0x00000007aab00000)
 Metaspace       used 6292K, capacity 6488K, committed 6656K, reserved 1056768K
  class space    used 646K, capacity 692K, committed 768K, reserved 1048576K
}
Event: 50425.607 GC heap before
{Heap before GC invocations=24 (full 11):
 PSYoungGen      total 141824K, used 6449K [0x00000007b5580000, 0x00000007bea80000, 0x00000007c0000000)
  eden space 131072K, 4% used [0x00000007b5580000,0x00000007b5bcc7e8,0x00000007bd580000)
  from space 10752K, 0% used [0x00000007be000000,0x00000007be000000,0x00000007bea80000)
  to   space 10752K, 0% used [0x00000007bd580000,0x00000007bd580000,0x00000007be000000)
 ParOldGen       total 175104K, used 1744K [0x00000007a0000000, 0x00000007aab00000, 0x00000007b5580000)
  object space 175104K, 0% used [0x00000007a0000000,0x00000007a01b40a0,0x00000007aab00000)
 Metaspace       used 6295K, capacity 6488K, committed 6656K, reserved 1056768K
  class space    used 646K, capacity 692K, committed 768K, reserved 1048576K
Event: 50425.607 GC heap after
Heap after GC invocations=24 (full 11):
 PSYoungGen      total 141824K, used 96K [0x00000007b5580000, 0x00000007bea80000, 0x00000007c0000000)
  eden space 131072K, 0% used [0x00000007b5580000,0x00000007b5580000,0x00000007bd580000)
  from space 10752K, 0% used [0x00000007bd580000,0x00000007bd598000,0x00000007be000000)
  to   space 10752K, 0% used [0x00000007be000000,0x00000007be000000,0x00000007bea80000)
 ParOldGen       total 175104K, used 1752K [0x00000007a0000000, 0x00000007aab00000, 0x00000007b5580000)
  object space 175104K, 1% used [0x00000007a0000000,0x00000007a01b60a0,0x00000007aab00000)
 Metaspace       used 6295K, capacity 6488K, committed 6656K, reserved 1056768K
  class space    used 646K, capacity 692K, committed 768K, reserved 1048576K
}
Event: 50425.607 GC heap before
{Heap before GC invocations=25 (full 12):
 PSYoungGen      total 141824K, used 96K [0x00000007b5580000, 0x00000007bea80000, 0x00000007c0000000)
  eden space 131072K, 0% used [0x00000007b5580000,0x00000007b5580000,0x00000007bd580000)
  from space 10752K, 0% used [0x00000007bd580000,0x00000007bd598000,0x00000007be000000)
  to   space 10752K, 0% used [0x00000007be000000,0x00000007be000000,0x00000007bea80000)
 ParOldGen       total 175104K, used 1752K [0x00000007a0000000, 0x00000007aab00000, 0x00000007b5580000)
  object space 175104K, 1% used [0x00000007a0000000,0x00000007a01b60a0,0x00000007aab00000)
 Metaspace       used 6295K, capacity 6488K, committed 6656K, reserved 1056768K
  class space    used 646K, capacity 692K, committed 768K, reserved 1048576K
Event: 50425.617 GC heap after
Heap after GC invocations=25 (full 12):
 PSYoungGen      total 141824K, used 0K [0x00000007b5580000, 0x00000007bea80000, 0x00000007c0000000)
  eden space 131072K, 0% used [0x00000007b5580000,0x00000007b5580000,0x00000007bd580000)
  from space 10752K, 0% used [0x00000007bd580000,0x00000007bd580000,0x00000007be000000)
  to   space 10752K, 0% used [0x00000007be000000,0x00000007be000000,0x00000007bea80000)
 ParOldGen       total 175104K, used 1746K [0x00000007a0000000, 0x00000007aab00000, 0x00000007b5580000)
  object space 175104K, 0% used [0x00000007a0000000,0x00000007a01b4890,0x00000007aab00000)
 Metaspace       used 6295K, capacity 6488K, committed 6656K, reserved 1056768K
  class space    used 646K, capacity 692K, committed 768K, reserved 1048576K
}

Deoptimization events (10 events):
Event: 50423.944 Thread 0x00000001099b5800 Uncommon trap: reason=class_check action=maybe_recompile pc=0x000000010d1cc958 method=java.util.regex.Pattern$BmpCharProperty.match(Ljava/util/regex/Matcher;ILjava/lang/CharSequence;)Z @ 31
Event: 50423.944 Thread 0x00000001099b5800 Uncommon trap: reason=class_check action=maybe_recompile pc=0x000000010d1cc958 method=java.util.regex.Pattern$BmpCharProperty.match(Ljava/util/regex/Matcher;ILjava/lang/CharSequence;)Z @ 31
Event: 50424.022 Thread 0x00000001099b5800 Uncommon trap: reason=bimorphic action=maybe_recompile pc=0x000000010d1e4904 method=java.util.regex.Pattern$Start.match(Ljava/util/regex/Matcher;ILjava/lang/CharSequence;)Z @ 44
Event: 50424.036 Thread 0x00000001099b5800 Uncommon trap: reason=class_check action=maybe_recompile pc=0x000000010d1efd54 method=java.util.regex.Pattern$Node.study(Ljava/util/regex/Pattern$TreeInfo;)Z @ 12
Event: 50424.036 Thread 0x00000001099b5800 Uncommon trap: reason=class_check action=maybe_recompile pc=0x000000010d1efd54 method=java.util.regex.Pattern$Node.study(Ljava/util/regex/Pattern$TreeInfo;)Z @ 12
Event: 50424.036 Thread 0x00000001099b5800 Uncommon trap: reason=unstable_if action=reinterpret pc=0x000000010d2121bc method=java.util.regex.Matcher.reset()Ljava/util/regex/Matcher; @ 47
Event: 50424.143 Thread 0x00000001099b5800 Uncommon trap: reason=unstable_if action=reinterpret pc=0x000000010d1c8a04 method=java.util.regex.Matcher.reset()Ljava/util/regex/Matcher; @ 47
Event: 50424.770 Thread 0x00000001099b5800 Uncommon trap: reason=unstable_if action=reinterpret pc=0x000000010d2a5d84 method=org.ohdsi.databaseConnector.BatchedQuery.fetchBatch()V @ 281
Event: 50425.197 Thread 0x00000001099b5800 Uncommon trap: reason=unstable_if action=reinterpret pc=0x000000010d2c8ff0 method=org.ohdsi.databaseConnector.BatchedQuery.fetchBatch()V @ 293
Event: 50425.508 Thread 0x00000001099b5800 Uncommon trap: reason=unstable_if action=reinterpret pc=0x000000010d2ade88 method=org.ohdsi.databaseConnector.BatchedQuery.fetchBatch()V @ 293

Classes redefined (0 events):
No events

Internal exceptions (6 events):
Event: 0.028 Thread 0x00000001099b5800 Exception <a 'java/lang/NoSuchMethodError': Method sun.misc.Unsafe.defineClass(Ljava/lang/String;[BII)Ljava/lang/Class; name or signature does not match> (0x00000007b5587cb0) thrown at [/Users/java_re/workspace/8-2-build-macosx-x86_64/jdk8u181/11358/hotsp
Event: 0.028 Thread 0x00000001099b5800 Exception <a 'java/lang/NoSuchMethodError': Method sun.misc.Unsafe.prefetchRead(Ljava/lang/Object;J)V name or signature does not match> (0x00000007b5587f98) thrown at [/Users/java_re/workspace/8-2-build-macosx-x86_64/jdk8u181/11358/hotspot/src/share/vm/pr
Event: 50416.132 Thread 0x00000001099b5800 Exception <a 'java/security/PrivilegedActionException'> (0x00000007b58264e0) thrown at [/Users/java_re/workspace/8-2-build-macosx-x86_64/jdk8u181/11358/hotspot/src/share/vm/prims/jvm.cpp, line 1435]
Event: 50416.132 Thread 0x00000001099b5800 Exception <a 'java/security/PrivilegedActionException'> (0x00000007b58266f0) thrown at [/Users/java_re/workspace/8-2-build-macosx-x86_64/jdk8u181/11358/hotspot/src/share/vm/prims/jvm.cpp, line 1435]
Event: 50416.133 Thread 0x00000001099b5800 Exception <a 'java/security/PrivilegedActionException'> (0x00000007b5829c08) thrown at [/Users/java_re/workspace/8-2-build-macosx-x86_64/jdk8u181/11358/hotspot/src/share/vm/prims/jvm.cpp, line 1435]
Event: 50416.133 Thread 0x00000001099b5800 Exception <a 'java/security/PrivilegedActionException'> (0x00000007b5829e18) thrown at [/Users/java_re/workspace/8-2-build-macosx-x86_64/jdk8u181/11358/hotspot/src/share/vm/prims/jvm.cpp, line 1435]

Events (10 events):
Event: 50425.506 Executing VM operation: ParallelGCSystemGC done
Event: 50425.508 Thread 0x00000001099b5800 Uncommon trap: trap_request=0xffffff65 fr.pc=0x000000010d2ade88
Event: 50425.508 Thread 0x00000001099b5800 DEOPT PACKING pc=0x000000010d2ade88 sp=0x00007ffeefbef260
Event: 50425.508 Thread 0x00000001099b5800 DEOPT UNPACKING pc=0x000000010d04573a sp=0x00007ffeefbef278 mode 2
Event: 50425.555 Executing VM operation: ParallelGCSystemGC
Event: 50425.566 Executing VM operation: ParallelGCSystemGC done
Event: 50425.602 Thread 0x00000001099b5800 DEOPT PACKING pc=0x000000010d2d8cc3 sp=0x00007ffeefbeeb80
Event: 50425.602 Thread 0x00000001099b5800 DEOPT UNPACKING pc=0x000000010d047784 sp=0x00007ffeefbeeae0 mode 0
Event: 50425.607 Executing VM operation: ParallelGCSystemGC
Event: 50425.617 Executing VM operation: ParallelGCSystemGC done


Dynamic libraries:
0x00007fff2ad18000 	/System/Library/Frameworks/AppKit.framework/Versions/C/AppKit
0x0000000101185000 	/Library/Frameworks/R.framework/Versions/3.6/Resources/lib/libR.dylib
0x00007fff61c78000 	/usr/lib/libSystem.B.dylib
0x00007fff64170000 	/usr/lib/libz.1.dylib
0x00007fff2eeba000 	/System/Library/Frameworks/CoreServices.framework/Versions/A/CoreServices
0x00007fff63f1f000 	/usr/lib/libstdc++.6.dylib
0x00007fff2dad3000 	/System/Library/Frameworks/CoreFoundation.framework/Versions/A/CoreFoundation
0x00007fff3018e000 	/System/Library/Frameworks/Foundation.framework/Versions/C/Foundation
0x00007fff63a9b000 	/usr/lib/libobjc.A.dylib
0x00007fff5e529000 	/System/Library/PrivateFrameworks/UIFoundation.framework/Versions/A/UIFoundation
0x00007fff58dc9000 	/System/Library/PrivateFrameworks/RemoteViewServices.framework/Versions/A/RemoteViewServices
0x00007fff60fa9000 	/System/Library/PrivateFrameworks/XCTTargetBootstrap.framework/Versions/A/XCTTargetBootstrap
0x00007fff2d9c8000 	/System/Library/Frameworks/CoreDisplay.framework/Versions/A/CoreDisplay
0x00007fff32ec6000 	/System/Library/Frameworks/Metal.framework/Versions/A/Metal
0x00007fff47336000 	/System/Library/PrivateFrameworks/DesktopServicesPriv.framework/Versions/A/DesktopServicesPriv
0x00007fff62d93000 	/usr/lib/liblangid.dylib
0x00007fff46492000 	/System/Library/PrivateFrameworks/CoreSVG.framework/Versions/A/CoreSVG
0x00007fff5baf9000 	/System/Library/PrivateFrameworks/SkyLight.framework/Versions/A/SkyLight
0x00007fff2df54000 	/System/Library/Frameworks/CoreGraphics.framework/Versions/A/CoreGraphics
0x00007fff298b9000 	/System/Library/Frameworks/Accelerate.framework/Versions/A/Accelerate
0x00007fff64061000 	/usr/lib/libxml2.2.dylib
0x00007fff51f01000 	/System/Library/PrivateFrameworks/IconServices.framework/Versions/A/IconServices
0x00007fff3094c000 	/System/Library/Frameworks/IOSurface.framework/Versions/A/IOSurface
0x00007fff617b1000 	/usr/lib/libDiagnosticMessagesClient.dylib
0x00007fff2bb14000 	/System/Library/Frameworks/ApplicationServices.framework/Versions/A/ApplicationServices
0x00007fff471b0000 	/System/Library/PrivateFrameworks/DFRFoundation.framework/Versions/A/DFRFoundation
0x00007fff62b21000 	/usr/lib/libicucore.A.dylib
0x00007fff2be46000 	/System/Library/Frameworks/AudioToolbox.framework/Versions/A/AudioToolbox
0x00007fff2bf28000 	/System/Library/Frameworks/AudioUnit.framework/Versions/A/AudioUnit
0x00007fff61e7a000 	/usr/lib/libauto.dylib
0x00007fff2d5ed000 	/System/Library/Frameworks/CoreData.framework/Versions/A/CoreData
0x00007fff47230000 	/System/Library/PrivateFrameworks/DataDetectorsCore.framework/Versions/A/DataDetectorsCore
0x00007fff2c68f000 	/System/Library/Frameworks/Carbon.framework/Versions/A/Frameworks/HIToolbox.framework/Versions/A/HIToolbox
0x00007fff3930d000 	/System/Library/Frameworks/QuartzCore.framework/Versions/A/QuartzCore
0x00007fff3a115000 	/System/Library/Frameworks/Security.framework/Versions/A/Security
0x00007fff2c9ce000 	/System/Library/Frameworks/Carbon.framework/Versions/A/Frameworks/SpeechRecognition.framework/Versions/A/SpeechRecognition
0x00007fff46b32000 	/System/Library/PrivateFrameworks/CoreUI.framework/Versions/A/CoreUI
0x00007fff2d053000 	/System/Library/Frameworks/CoreAudio.framework/Versions/A/CoreAudio
0x00007fff2fe5b000 	/System/Library/Frameworks/DiskArbitration.framework/Versions/A/DiskArbitration
0x00007fff53fe7000 	/System/Library/PrivateFrameworks/MultitouchSupport.framework/Versions/A/MultitouchSupport
0x00007fff629ec000 	/usr/lib/libenergytrace.dylib
0x00007fff308a7000 	/System/Library/Frameworks/IOKit.framework/Versions/A/IOKit
0x00007fff5603c000 	/System/Library/PrivateFrameworks/PerformanceAnalysis.framework/Versions/A/PerformanceAnalysis
0x00007fff38345000 	/System/Library/Frameworks/OpenGL.framework/Versions/A/OpenGL
0x00007fff2cb7c000 	/System/Library/Frameworks/ColorSync.framework/Versions/A/ColorSync
0x00007fff2e5db000 	/System/Library/Frameworks/CoreImage.framework/Versions/A/CoreImage
0x00007fff2f92e000 	/System/Library/Frameworks/CoreText.framework/Versions/A/CoreText
0x00007fff309cf000 	/System/Library/Frameworks/ImageIO.framework/Versions/A/ImageIO
0x00007fff61f56000 	/usr/lib/libc++.1.dylib
0x00007fff61fd2000 	/usr/lib/libcompression.dylib
0x00007fff61af2000 	/usr/lib/libMobileGestalt.dylib
0x00007fff5d61c000 	/System/Library/PrivateFrameworks/TextureIO.framework/Versions/A/TextureIO
0x00007fff61de0000 	/usr/lib/libate.dylib
0x00007fff52107000 	/System/Library/PrivateFrameworks/InternationalSupport.framework/Versions/A/InternationalSupport
0x00007fff64be7000 	/usr/lib/system/libcache.dylib
0x00007fff64bed000 	/usr/lib/system/libcommonCrypto.dylib
0x00007fff64bf9000 	/usr/lib/system/libcompiler_rt.dylib
0x00007fff64c01000 	/usr/lib/system/libcopyfile.dylib
0x00007fff64c0b000 	/usr/lib/system/libcorecrypto.dylib
0x00007fff64db9000 	/usr/lib/system/libdispatch.dylib
0x00007fff64dfb000 	/usr/lib/system/libdyld.dylib
0x00007fff64e31000 	/usr/lib/system/libkeymgr.dylib
0x00007fff64e3f000 	/usr/lib/system/liblaunch.dylib
0x00007fff64e40000 	/usr/lib/system/libmacho.dylib
0x00007fff64e46000 	/usr/lib/system/libquarantine.dylib
0x00007fff64e49000 	/usr/lib/system/libremovefile.dylib
0x00007fff64e4b000 	/usr/lib/system/libsystem_asl.dylib
0x00007fff64e63000 	/usr/lib/system/libsystem_blocks.dylib
0x00007fff64e64000 	/usr/lib/system/libsystem_c.dylib
0x00007fff64eec000 	/usr/lib/system/libsystem_configuration.dylib
0x00007fff64ef0000 	/usr/lib/system/libsystem_coreservices.dylib
0x00007fff64ef4000 	/usr/lib/system/libsystem_darwin.dylib
0x00007fff64efc000 	/usr/lib/system/libsystem_dnssd.dylib
0x00007fff64f04000 	/usr/lib/system/libsystem_featureflags.dylib
0x00007fff64f06000 	/usr/lib/system/libsystem_info.dylib
0x00007fff64f81000 	/usr/lib/system/libsystem_m.dylib
0x00007fff64fc9000 	/usr/lib/system/libsystem_malloc.dylib
0x00007fff64ff1000 	/usr/lib/system/libsystem_networkextension.dylib
0x00007fff64fff000 	/usr/lib/system/libsystem_notify.dylib
0x00007fff6501e000 	/usr/lib/system/libsystem_sandbox.dylib
0x00007fff65023000 	/usr/lib/system/libsystem_secinit.dylib
0x00007fff64f54000 	/usr/lib/system/libsystem_kernel.dylib
0x00007fff65009000 	/usr/lib/system/libsystem_platform.dylib
0x00007fff65013000 	/usr/lib/system/libsystem_pthread.dylib
0x00007fff65026000 	/usr/lib/system/libsystem_symptoms.dylib
0x00007fff6502e000 	/usr/lib/system/libsystem_trace.dylib
0x00007fff65046000 	/usr/lib/system/libunwind.dylib
0x00007fff6504c000 	/usr/lib/system/libxpc.dylib
0x00007fff61faa000 	/usr/lib/libc++abi.dylib
0x00007fff62d95000 	/usr/lib/liblzma.5.dylib
0x00007fff62a14000 	/usr/lib/libfakelink.dylib
0x00007fff61d6d000 	/usr/lib/libarchive.2.dylib
0x00007fff3b329000 	/System/Library/Frameworks/SystemConfiguration.framework/Versions/A/SystemConfiguration
0x00007fff616e2000 	/usr/lib/libCRFSuite.dylib
0x00007fff2c29e000 	/System/Library/Frameworks/CFNetwork.framework/Versions/A/CFNetwork
0x00007fff61f38000 	/usr/lib/libbsm.0.dylib
0x00007fff64e32000 	/usr/lib/system/libkxld.dylib
0x00007fff40d2f000 	/System/Library/PrivateFrameworks/AppleFSCompression.framework/Versions/A/AppleFSCompression
0x00007fff622ab000 	/usr/lib/libcoretls.dylib
0x00007fff622c2000 	/usr/lib/libcoretls_cfhelpers.dylib
0x00007fff63adf000 	/usr/lib/libpam.2.dylib
0x00007fff63c0e000 	/usr/lib/libsqlite3.dylib
0x00007fff6404e000 	/usr/lib/libxar.1.dylib
0x00007fff61f49000 	/usr/lib/libbz2.1.0.dylib
0x00007fff62a30000 	/usr/lib/libiconv.2.dylib
0x00007fff61fbf000 	/usr/lib/libcharset.1.dylib
0x00007fff6358b000 	/usr/lib/libnetwork.dylib
0x00007fff63ae6000 	/usr/lib/libpcap.A.dylib
0x00007fff61d22000 	/usr/lib/libapple_nghttp2.dylib
0x00007fff2f271000 	/System/Library/Frameworks/CoreServices.framework/Versions/A/Frameworks/FSEvents.framework/Versions/A/FSEvents
0x00007fff2ef41000 	/System/Library/Frameworks/CoreServices.framework/Versions/A/Frameworks/CarbonCore.framework/Versions/A/CarbonCore
0x00007fff2f4b3000 	/System/Library/Frameworks/CoreServices.framework/Versions/A/Frameworks/Metadata.framework/Versions/A/Metadata
0x00007fff2f54c000 	/System/Library/Frameworks/CoreServices.framework/Versions/A/Frameworks/OSServices.framework/Versions/A/OSServices
0x00007fff2f57a000 	/System/Library/Frameworks/CoreServices.framework/Versions/A/Frameworks/SearchKit.framework/Versions/A/SearchKit
0x00007fff2eebb000 	/System/Library/Frameworks/CoreServices.framework/Versions/A/Frameworks/AE.framework/Versions/A/AE
0x00007fff2f27a000 	/System/Library/Frameworks/CoreServices.framework/Versions/A/Frameworks/LaunchServices.framework/Versions/A/LaunchServices
0x00007fff2f223000 	/System/Library/Frameworks/CoreServices.framework/Versions/A/Frameworks/DictionaryServices.framework/Versions/A/DictionaryServices
0x00007fff2f5e2000 	/System/Library/Frameworks/CoreServices.framework/Versions/A/Frameworks/SharedFileList.framework/Versions/A/SharedFileList
0x00007fff3419b000 	/System/Library/Frameworks/NetFS.framework/Versions/A/NetFS
0x00007fff54487000 	/System/Library/PrivateFrameworks/NetAuth.framework/Versions/A/NetAuth
0x00007fff61372000 	/System/Library/PrivateFrameworks/login.framework/Versions/A/Frameworks/loginsupport.framework/Versions/A/loginsupport
0x00007fff5d122000 	/System/Library/PrivateFrameworks/TCC.framework/Versions/A/TCC
0x00007fff45870000 	/System/Library/PrivateFrameworks/CoreNLP.framework/Versions/A/CoreNLP
0x00007fff53a18000 	/System/Library/PrivateFrameworks/MetadataUtilities.framework/Versions/A/MetadataUtilities
0x00007fff62e6d000 	/usr/lib/libmecabra.dylib
0x00007fff62dc5000 	/usr/lib/libmecab.dylib
0x00007fff62a25000 	/usr/lib/libgermantok.dylib
0x00007fff61d09000 	/usr/lib/libThaiTokenizer.dylib
0x00007fff6171a000 	/usr/lib/libChineseTokenizer.dylib
0x00007fff298d1000 	/System/Library/Frameworks/Accelerate.framework/Versions/A/Frameworks/vImage.framework/Versions/A/vImage
0x00007fff2ab73000 	/System/Library/Frameworks/Accelerate.framework/Versions/A/Frameworks/vecLib.framework/Versions/A/vecLib
0x00007fff2aab7000 	/System/Library/Frameworks/Accelerate.framework/Versions/A/Frameworks/vecLib.framework/Versions/A/libvMisc.dylib
0x00007fff2a8dd000 	/System/Library/Frameworks/Accelerate.framework/Versions/A/Frameworks/vecLib.framework/Versions/A/libvDSP.dylib
0x00007fff29f3d000 	/System/Library/Frameworks/Accelerate.framework/Versions/A/Frameworks/vecLib.framework/Versions/A/libBLAS.dylib
0x00007fff2a497000 	/System/Library/Frameworks/Accelerate.framework/Versions/A/Frameworks/vecLib.framework/Versions/A/libLAPACK.dylib
0x00007fff2a83d000 	/System/Library/Frameworks/Accelerate.framework/Versions/A/Frameworks/vecLib.framework/Versions/A/libLinearAlgebra.dylib
0x00007fff2a8ca000 	/System/Library/Frameworks/Accelerate.framework/Versions/A/Frameworks/vecLib.framework/Versions/A/libSparseBLAS.dylib
0x00007fff2a853000 	/System/Library/Frameworks/Accelerate.framework/Versions/A/Frameworks/vecLib.framework/Versions/A/libQuadrature.dylib
0x00007fff2a1a6000 	/System/Library/Frameworks/Accelerate.framework/Versions/A/Frameworks/vecLib.framework/Versions/A/libBNNS.dylib
0x00007fff2a859000 	/System/Library/Frameworks/Accelerate.framework/Versions/A/Frameworks/vecLib.framework/Versions/A/libSparse.dylib
0x00007fff524c6000 	/System/Library/PrivateFrameworks/LanguageModeling.framework/Versions/A/LanguageModeling
0x00007fff45214000 	/System/Library/PrivateFrameworks/CoreEmoji.framework/Versions/A/CoreEmoji
0x00007fff525e3000 	/System/Library/PrivateFrameworks/LinguisticData.framework/Versions/A/LinguisticData
0x00007fff52594000 	/System/Library/PrivateFrameworks/Lexicon.framework/Versions/A/Lexicon
0x00007fff61fc0000 	/usr/lib/libcmph.dylib
0x00007fff36d6b000 	/System/Library/Frameworks/OpenDirectory.framework/Versions/A/Frameworks/CFOpenDirectory.framework/Versions/A/CFOpenDirectory
0x00007fff36d88000 	/System/Library/Frameworks/OpenDirectory.framework/Versions/A/OpenDirectory
0x00007fff3f0e7000 	/System/Library/PrivateFrameworks/APFS.framework/Versions/A/APFS
0x00007fff3a45a000 	/System/Library/Frameworks/SecurityFoundation.framework/Versions/A/SecurityFoundation
0x00007fff6404a000 	/usr/lib/libutil.dylib
0x00007fff464ea000 	/System/Library/PrivateFrameworks/CoreServicesStore.framework/Versions/A/CoreServicesStore
0x00007fff3a53b000 	/System/Library/Frameworks/ServiceManagement.framework/Versions/A/ServiceManagement
0x00007fff424ca000 	/System/Library/PrivateFrameworks/BackgroundTaskManagement.framework/Versions/A/BackgroundTaskManagement
0x00007fff64147000 	/usr/lib/libxslt.1.dylib
0x00007fff4138d000 	/System/Library/PrivateFrameworks/AppleSystemInfo.framework/Versions/A/AppleSystemInfo
0x00007fff30bea000 	/System/Library/Frameworks/ImageIO.framework/Versions/A/Resources/libJPEG.dylib
0x00007fff30ea9000 	/System/Library/Frameworks/ImageIO.framework/Versions/A/Resources/libTIFF.dylib
0x00007fff30e8c000 	/System/Library/Frameworks/ImageIO.framework/Versions/A/Resources/libPng.dylib
0x00007fff30b2b000 	/System/Library/Frameworks/ImageIO.framework/Versions/A/Resources/libGIF.dylib
0x00007fff30b2f000 	/System/Library/Frameworks/ImageIO.framework/Versions/A/Resources/libJP2.dylib
0x00007fff30ea7000 	/System/Library/Frameworks/ImageIO.framework/Versions/A/Resources/libRadiance.dylib
0x00007fff629ed000 	/usr/lib/libexpat.1.dylib
0x00007fff40e8a000 	/System/Library/PrivateFrameworks/AppleJPEG.framework/Versions/A/AppleJPEG
0x00007fff49702000 	/System/Library/PrivateFrameworks/FontServices.framework/libFontParser.dylib
0x00007fff603cd000 	/System/Library/PrivateFrameworks/WatchdogClient.framework/Versions/A/WatchdogClient
0x00007fff51b59000 	/System/Library/PrivateFrameworks/IOAccelerator.framework/Versions/A/IOAccelerator
0x00007fff33254000 	/System/Library/Frameworks/MetalPerformanceShaders.framework/Versions/A/MetalPerformanceShaders
0x00007fff4e44f000 	/System/Library/PrivateFrameworks/GPUWrangler.framework/Versions/A/GPUWrangler
0x00007fff51b64000 	/System/Library/PrivateFrameworks/IOPresentment.framework/Versions/A/IOPresentment
0x00007fff471c2000 	/System/Library/PrivateFrameworks/DSExternalDisplay.framework/Versions/A/DSExternalDisplay
0x00007fff376f1000 	/System/Library/Frameworks/OpenGL.framework/Versions/A/Libraries/libCoreFSCache.dylib
0x00007fff32fa5000 	/System/Library/Frameworks/MetalPerformanceShaders.framework/Frameworks/MPSCore.framework/Versions/A/MPSCore
0x00007fff32fe2000 	/System/Library/Frameworks/MetalPerformanceShaders.framework/Frameworks/MPSImage.framework/Versions/A/MPSImage
0x00007fff330a5000 	/System/Library/Frameworks/MetalPerformanceShaders.framework/Frameworks/MPSNeuralNetwork.framework/Versions/A/MPSNeuralNetwork
0x00007fff33069000 	/System/Library/Frameworks/MetalPerformanceShaders.framework/Frameworks/MPSMatrix.framework/Versions/A/MPSMatrix
0x00007fff33205000 	/System/Library/Frameworks/MetalPerformanceShaders.framework/Frameworks/MPSRayIntersector.framework/Versions/A/MPSRayIntersector
0x00007fff3308f000 	/System/Library/Frameworks/MetalPerformanceShaders.framework/Frameworks/MPSNDArray.framework/Versions/A/MPSNDArray
0x00007fff53a65000 	/System/Library/PrivateFrameworks/MetalTools.framework/Versions/A/MetalTools
0x00007fff401c6000 	/System/Library/PrivateFrameworks/AggregateDictionary.framework/Versions/A/AggregateDictionary
0x00007fff44cab000 	/System/Library/PrivateFrameworks/CoreAnalytics.framework/Versions/A/CoreAnalytics
0x00007fff412ab000 	/System/Library/PrivateFrameworks/AppleSauce.framework/Versions/A/AppleSauce
0x00007fff619d5000 	/usr/lib/libIOReport.dylib
0x00007fff2fae3000 	/System/Library/Frameworks/CoreVideo.framework/Versions/A/CoreVideo
0x00007fff4f83c000 	/System/Library/PrivateFrameworks/GraphVisualizer.framework/Versions/A/GraphVisualizer
0x00007fff48c84000 	/System/Library/PrivateFrameworks/FaceCore.framework/Versions/A/FaceCore
0x00007fff36d12000 	/System/Library/Frameworks/OpenCL.framework/Versions/A/OpenCL
0x00007fff617f7000 	/usr/lib/libFosl_dynamic.dylib
0x00007fff54e7d000 	/System/Library/PrivateFrameworks/OTSVG.framework/Versions/A/OTSVG
0x00007fff2bc19000 	/System/Library/Frameworks/ApplicationServices.framework/Versions/A/Frameworks/ATS.framework/Versions/A/Resources/libFontRegistry.dylib
0x00007fff498d3000 	/System/Library/PrivateFrameworks/FontServices.framework/libhvf.dylib
0x00007fff376fc000 	/System/Library/Frameworks/OpenGL.framework/Versions/A/Libraries/libGFXShared.dylib
0x00007fff378d9000 	/System/Library/Frameworks/OpenGL.framework/Versions/A/Libraries/libGLU.dylib
0x00007fff37705000 	/System/Library/Frameworks/OpenGL.framework/Versions/A/Libraries/libGL.dylib
0x00007fff37710000 	/System/Library/Frameworks/OpenGL.framework/Versions/A/Libraries/libGLImage.dylib
0x00007fff376ee000 	/System/Library/Frameworks/OpenGL.framework/Versions/A/Libraries/libCVMSPluginSupport.dylib
0x00007fff376f7000 	/System/Library/Frameworks/OpenGL.framework/Versions/A/Libraries/libCoreVMClient.dylib
0x00007fff6342d000 	/usr/lib/libncurses.5.4.dylib
0x00007fff2bb15000 	/System/Library/Frameworks/ApplicationServices.framework/Versions/A/Frameworks/ATS.framework/Versions/A/ATS
0x00007fff2bce2000 	/System/Library/Frameworks/ApplicationServices.framework/Versions/A/Frameworks/ColorSyncLegacy.framework/Versions/A/ColorSyncLegacy
0x00007fff2bd81000 	/System/Library/Frameworks/ApplicationServices.framework/Versions/A/Frameworks/HIServices.framework/Versions/A/HIServices
0x00007fff2bdd8000 	/System/Library/Frameworks/ApplicationServices.framework/Versions/A/Frameworks/LangAnalysis.framework/Versions/A/LangAnalysis
0x00007fff2bde7000 	/System/Library/Frameworks/ApplicationServices.framework/Versions/A/Frameworks/PrintCore.framework/Versions/A/PrintCore
0x00007fff2be2d000 	/System/Library/Frameworks/ApplicationServices.framework/Versions/A/Frameworks/QD.framework/Versions/A/QD
0x00007fff2be38000 	/System/Library/Frameworks/ApplicationServices.framework/Versions/A/Frameworks/SpeechSynthesis.framework/Versions/A/SpeechSynthesis
0x00007fff2bcb2000 	/System/Library/Frameworks/ApplicationServices.framework/Versions/A/Frameworks/ATSUI.framework/Versions/A/ATSUI
0x00007fff62881000 	/usr/lib/libcups.2.dylib
0x00007fff3230d000 	/System/Library/Frameworks/Kerberos.framework/Versions/A/Kerberos
0x00007fff305c2000 	/System/Library/Frameworks/GSS.framework/Versions/A/GSS
0x00007fff63b9b000 	/usr/lib/libresolv.9.dylib
0x00007fff4f9dd000 	/System/Library/PrivateFrameworks/Heimdal.framework/Versions/A/Heimdal
0x00007fff32320000 	/System/Library/Frameworks/Kerberos.framework/Versions/A/Libraries/libHeimdalProxy.dylib
0x00007fff62a2b000 	/usr/lib/libheimdal-asn1.dylib
0x00007fff44171000 	/System/Library/PrivateFrameworks/CommonAuth.framework/Versions/A/CommonAuth
0x00007fff4142a000 	/System/Library/PrivateFrameworks/AssertionServices.framework/Versions/A/AssertionServices
0x00007fff41fc0000 	/System/Library/PrivateFrameworks/AudioToolboxCore.framework/Versions/A/AudioToolboxCore
0x00007fff61025000 	/System/Library/PrivateFrameworks/caulk.framework/Versions/A/caulk
0x00007fff42576000 	/System/Library/PrivateFrameworks/BaseBoard.framework/Versions/A/BaseBoard
0x00007fff58f55000 	/System/Library/PrivateFrameworks/RunningBoardServices.framework/Versions/A/RunningBoardServices
0x00007fff56048000 	/System/Library/PrivateFrameworks/PersistentConnection.framework/Versions/A/PersistentConnection
0x00007fff58962000 	/System/Library/PrivateFrameworks/ProtocolBuffer.framework/Versions/A/ProtocolBuffer
0x00007fff4418e000 	/System/Library/PrivateFrameworks/CommonUtilities.framework/Versions/A/CommonUtilities
0x00007fff426f5000 	/System/Library/PrivateFrameworks/Bom.framework/Versions/A/Bom
0x00007fff616a6000 	/usr/lib/libAudioToolboxUtility.dylib
0x00007fff424d4000 	/System/Library/PrivateFrameworks/Backup.framework/Versions/A/Backup
0x00007fff46f31000 	/System/Library/PrivateFrameworks/CrashReporterSupport.framework/Versions/A/CrashReporterSupport
0x00007fff5a9de000 	/System/Library/PrivateFrameworks/Sharing.framework/Versions/A/Sharing
0x00007fff40bd7000 	/System/Library/PrivateFrameworks/Apple80211.framework/Versions/A/Apple80211
0x00007fff421fc000 	/System/Library/PrivateFrameworks/AuthKit.framework/Versions/A/AuthKit
0x00007fff46c5f000 	/System/Library/PrivateFrameworks/CoreUtils.framework/Versions/A/CoreUtils
0x00007fff2fb28000 	/System/Library/Frameworks/CoreWLAN.framework/Versions/A/CoreWLAN
0x00007fff3072b000 	/System/Library/Frameworks/IOBluetooth.framework/Versions/A/IOBluetooth
0x00007fff53d63000 	/System/Library/PrivateFrameworks/MobileKeyBag.framework/Versions/A/MobileKeyBag
0x00007fff45d40000 	/System/Library/PrivateFrameworks/CorePhoneNumbers.framework/Versions/A/CorePhoneNumbers
0x00007fff40e3d000 	/System/Library/PrivateFrameworks/AppleIDAuthSupport.framework/Versions/A/AppleIDAuthSupport
0x00007fff341a8000 	/System/Library/Frameworks/Network.framework/Versions/A/Network
0x00007fff5234f000 	/System/Library/PrivateFrameworks/KeychainCircle.framework/Versions/A/KeychainCircle
0x00007fff2d5b5000 	/System/Library/Frameworks/CoreBluetooth.framework/Versions/A/CoreBluetooth
0x00007fff5c638000 	/System/Library/PrivateFrameworks/SpeechRecognitionCore.framework/Versions/A/SpeechRecognitionCore
0x000000010161f000 	/Library/Frameworks/R.framework/Versions/3.6/Resources/lib/libRblas.dylib
0x0000000101653000 	/Library/Frameworks/R.framework/Versions/3.6/Resources/lib/libgfortran.3.dylib
0x00000001017e6000 	/Library/Frameworks/R.framework/Versions/3.6/Resources/lib/libquadmath.0.dylib
0x0000000101831000 	/Library/Frameworks/R.framework/Versions/3.6/Resources/lib/libreadline.5.2.dylib
0x0000000101874000 	/Library/Frameworks/R.framework/Versions/3.6/Resources/lib/libomp.dylib
0x0000000101911000 	/Library/Frameworks/R.framework/Versions/3.6/Resources/lib/libgcc_s.1.dylib
0x000000010439f000 	/Library/Frameworks/R.framework/Versions/3.6/Resources/library/methods/libs/methods.so
0x0000000101fdb000 	/Library/Frameworks/R.framework/Versions/3.6/Resources/library/utils/libs/utils.so
0x000000010430e000 	/Library/Frameworks/R.framework/Versions/3.6/Resources/library/grDevices/libs/grDevices.so
0x00007fff61375000 	/System/Library/PrivateFrameworks/login.framework/Versions/A/login
0x000000010479a000 	/Library/Frameworks/R.framework/Versions/3.6/Resources/library/graphics/libs/graphics.so
0x0000000107c00000 	/Library/Frameworks/R.framework/Versions/3.6/Resources/library/stats/libs/stats.so
0x0000000107ccd000 	/Library/Frameworks/R.framework/Versions/3.6/Resources/lib/libRlapack.dylib
0x00000001019f0000 	/Library/Java/JavaVirtualMachines/jdk1.8.0_181.jdk/Contents/Home/jre/lib/jli/libjli.dylib
0x00007fff2cb6e000 	/System/Library/Frameworks/Cocoa.framework/Versions/A/Cocoa
0x000000010a92e000 	/Library/Java/JavaVirtualMachines/jdk1.8.0_181.jdk/Contents/Home/jre/lib/server/libjvm.dylib
0x00000001047e4000 	/Library/Frameworks/R.framework/Versions/3.6/Resources/library/rJava/libs/rJava.so
0x0000000101fee000 	/Library/Java/JavaVirtualMachines/jdk1.8.0_181.jdk/Contents/Home/jre/lib/libverify.dylib
0x0000000107f8e000 	/Library/Java/JavaVirtualMachines/jdk1.8.0_181.jdk/Contents/Home/jre/lib/libjava.dylib
0x00000001044ff000 	/Library/Java/JavaVirtualMachines/jdk1.8.0_181.jdk/Contents/Home/jre/lib/libzip.dylib
0x0000000107fec000 	/Library/Frameworks/R.framework/Versions/3.6/Resources/library/fansi/libs/fansi.so
0x0000000104649000 	/Library/Frameworks/R.framework/Versions/3.6/Resources/library/glue/libs/glue.so
0x000000012063b000 	/Library/Frameworks/R.framework/Versions/3.6/Resources/library/tools/libs/tools.so
0x000000012065a000 	/Library/Frameworks/R.framework/Versions/3.6/Resources/library/digest/libs/digest.so
0x000000012067c000 	/Library/Frameworks/R.framework/Versions/3.6/Resources/lib/libc++.1.dylib
0x0000000120755000 	/Library/Frameworks/R.framework/Versions/3.6/Resources/lib/libc++abi.1.dylib
0x00000001211c9000 	/Library/Frameworks/R.framework/Versions/3.6/Resources/library/rlang/libs/rlang.so
0x000000012123b000 	/Library/Frameworks/R.framework/Versions/3.6/Resources/library/Rcpp/libs/Rcpp.so
0x00000001212d3000 	/usr/local/clang4/lib/libc++.1.dylib
0x00000001213a9000 	/usr/local/clang4/lib/libc++abi.1.0.dylib
0x00000001215e2000 	/Library/Frameworks/R.framework/Versions/3.6/Resources/library/htmltools/libs/htmltools.so
0x0000000121700000 	/Library/Frameworks/R.framework/Versions/3.6/Resources/library/later/libs/later.so
0x0000000121742000 	/Library/Frameworks/R.framework/Versions/3.6/Resources/library/promises/libs/promises.so
0x0000000121759000 	/Library/Frameworks/R.framework/Versions/3.6/Resources/library/httpuv/libs/httpuv.so
0x00000001047f7000 	/Library/Frameworks/R.framework/Versions/3.6/Resources/library/mime/libs/mime.so
0x000000010ba7e000 	/Library/Frameworks/R.framework/Versions/3.6/Resources/library/fastmap/libs/fastmap.so
0x0000000121a33000 	/Applications/RStudio.app/Contents/MacOS/rsclang/libclang.dylib
0x00007fff629ce000 	/usr/lib/libedit.3.dylib
0x00000001226f4000 	/Library/Frameworks/R.framework/Versions/3.6/Resources/modules/internet.so
0x00007fff628e2000 	/usr/lib/libcurl.4.dylib
0x00007fff62767000 	/usr/lib/libcrypto.44.dylib
0x00007fff63eef000 	/usr/lib/libssl.46.dylib
0x00007fff32321000 	/System/Library/Frameworks/LDAP.framework/Versions/A/LDAP
0x00007fff5d851000 	/System/Library/PrivateFrameworks/TrustEvaluationAgent.framework/Versions/A/TrustEvaluationAgent
0x00007fff63bf9000 	/usr/lib/libsasl2.2.dylib
0x00007fff44f92000 	/System/Library/PrivateFrameworks/CoreDaemon.framework/Versions/B/CoreDaemon
0x00007fff412a6000 	/System/Library/PrivateFrameworks/AppleSRP.framework/Versions/A/AppleSRP
0x00000001047fb000 	/Library/Frameworks/R.framework/Versions/3.6/Resources/library/ellipsis/libs/ellipsis.so
0x0000000125516000 	/Library/Frameworks/R.framework/Versions/3.6/Resources/library/vctrs/libs/vctrs.so
0x00000001213f2000 	/Library/Frameworks/R.framework/Versions/3.6/Resources/library/tibble/libs/tibble.so
0x00000001255c0000 	/Library/Frameworks/R.framework/Versions/3.6/Resources/library/purrr/libs/purrr.so
0x0000000126000000 	/Library/Frameworks/R.framework/Versions/3.6/Resources/library/dplyr/libs/dplyr.so
0x00000001256bb000 	/Library/Frameworks/R.framework/Versions/3.6/Resources/library/grid/libs/grid.so
0x000000012577f000 	/Library/Frameworks/R.framework/Versions/3.6/Resources/library/colorspace/libs/colorspace.so
0x0000000126482000 	/Library/Frameworks/R.framework/Versions/3.6/Resources/library/tidyr/libs/tidyr.so
0x00007fff32784000 	/System/Library/Frameworks/MediaToolbox.framework/Versions/A/MediaToolbox
0x00007fff44c5b000 	/System/Library/PrivateFrameworks/CoreAVCHD.framework/Versions/A/CoreAVCHD
0x00007fff326b1000 	/System/Library/Frameworks/MediaAccessibility.framework/Versions/A/MediaAccessibility
0x00007fff52f81000 	/System/Library/PrivateFrameworks/Mangrove.framework/Versions/A/Mangrove
0x00007fff2ecf6000 	/System/Library/Frameworks/CoreMedia.framework/Versions/A/CoreMedia
0x00007fff531dc000 	/System/Library/PrivateFrameworks/MediaExperience.framework/Versions/A/MediaExperience
0x00007fff3b60f000 	/System/Library/Frameworks/VideoToolbox.framework/Versions/A/VideoToolbox
0x00007fff44885000 	/System/Library/PrivateFrameworks/CoreAUC.framework/Versions/A/CoreAUC
0x00007fff63c0c000 	/usr/lib/libspindump.dylib
0x00007fff4196b000 	/System/Library/PrivateFrameworks/AudioResourceArbitration.framework/Versions/A/AudioResourceArbitration
0x00007fff41391000 	/System/Library/PrivateFrameworks/AppleVA.framework/Versions/A/AppleVA
0x00007fff298ba000 	/System/Library/Frameworks/Accelerate.framework/Versions/A/Frameworks/vImage.framework/Versions/A/Libraries/libCGInterfaces.dylib
0x00007fff464b6000 	/System/Library/PrivateFrameworks/CoreServicesInternal.framework/Versions/A/CoreServicesInternal
0x0000000129f3a000 	/Library/Frameworks/R.framework/Versions/3.6/Resources/library/yaml/libs/yaml.so
0x00000001299d3000 	/Library/Frameworks/R.framework/Versions/3.6/Resources/library/jsonlite/libs/jsonlite.so
0x000000012a0c0000 	/Library/Frameworks/R.framework/Versions/3.6/Resources/library/igraph/libs/igraph.so
0x00000001299fe000 	/Library/Frameworks/R.framework/Versions/3.6/Resources/library/tidygraph/libs/tidygraph.so
0x0000000128bf1000 	/Library/Frameworks/R.framework/Versions/3.6/Resources/library/MASS/libs/MASS.so
0x0000000129a1d000 	/Library/Frameworks/R.framework/Versions/3.6/Resources/library/polyclip/libs/polyclip.so
0x000000012a523000 	/Library/Frameworks/R.framework/Versions/3.6/Resources/library/farver/libs/farver.so
0x0000000129a84000 	/Library/Frameworks/R.framework/Versions/3.6/Resources/library/tweenr/libs/tweenr.so
0x0000000129b4c000 	/Library/Frameworks/R.framework/Versions/3.6/Resources/library/ggforce/libs/ggforce.so
0x0000000129bba000 	/Library/Frameworks/R.framework/Versions/3.6/Resources/library/ggrepel/libs/ggrepel.so
0x0000000129cf9000 	/Library/Frameworks/R.framework/Versions/3.6/Resources/library/graphlayouts/libs/graphlayouts.so
0x0000000129d8b000 	/Library/Frameworks/R.framework/Versions/3.6/Resources/library/ggraph/libs/ggraph.so
0x00000001322c2000 	/Library/Frameworks/R.framework/Versions/3.6/Resources/library/stringi/libs/stringi.so
0x00000001265f8000 	/Library/Java/JavaVirtualMachines/jdk1.8.0_181.jdk/Contents/Home/jre/lib/libnet.dylib
0x0000000129873000 	/Library/Frameworks/R.framework/Versions/3.6/Resources/library/triebeard/libs/triebeard.so
0x0000000129be0000 	/Library/Frameworks/R.framework/Versions/3.6/Resources/library/urltools/libs/urltools.so
0x0000000131475000 	/Library/Frameworks/R.framework/Versions/3.6/Resources/library/utf8/libs/utf8.so

VM Arguments:
jvm_args: -Djava.awt.headless=true -Xmx512m -Xrs vfprintf exit 
java_command: <unknown>
java_class_path (initial): /Library/Frameworks/R.framework/Versions/3.6/Resources/library/rJava/java/boot
Launcher Type: generic

Environment Variables:
PATH=/usr/local/clang7/bin:/usr/bin:/bin:/usr/sbin:/sbin:/usr/local/bin:/Library/Apple/usr/bin:/Library/Apple/bin:/Library/TeX/texbin:/usr/local/share/dotnet:/opt/X11/bin:/Library/Frameworks/Mono.framework/Versions/Current/Commands:/opt/local/bin
SHELL=/bin/bash
DISPLAY=/private/tmp/com.apple.launchd.dIqqqUk11x/org.macosforge.xquartz:0
DYLD_LIBRARY_PATH=/Library/Java/JavaVirtualMachines/jdk1.8.0_181.jdk/Contents/Home/jre/lib/server:/Library/Java/JavaVirtualMachines/jdk1.8.0_181.jdk/Contents/Home/jre/lib/server:/Library/Java/JavaVirtualMachines/jdk1.8.0_181.jdk/Contents/Home/jre/lib/server:/Library/Java/JavaVirtualMachines/jdk1.8.0_181.jdk/Contents/Home/jre/lib/server:/Library/Java/JavaVirtualMachines/jdk1.8.0_181.jdk/Contents/Home/jre/lib/server:/Library/Java/JavaVirtualMachines/jdk1.8.0_181.jdk/Contents/Home/jre/lib/server:/Library/Java/JavaVirtualMachines/jdk1.8.0_181.jdk/Contents/Home/jre/lib/server:/Library/Java/JavaVirtualMachines/jdk1.8.0_181.jdk/Contents/Home/jre/lib/server:/Library/Java/JavaVirtualMachines/jdk1.8.0_181.jdk/Contents/Home/jre/lib/server:/Library/Java/JavaVirtualMachines/jdk1.8.0_181.jdk/Contents/Home/jre/lib/server:/Library/Java/JavaVirtualMachines/jdk1.8.0_181.jdk/Contents/Home/jre/lib/server:/Library/Java/JavaVirtualMachines/jdk1.8.0_181.jdk/Contents/Home/jre/lib/server:/Library/Java/JavaVirtualMachines/jdk1.8.0_181.jdk/Contents/Home/jre/lib/server:/Library/Java/JavaVirtualMachines/jdk1.8.0_181.jdk/Contents/Home/jre/lib/server:/Library/Java/JavaVirtualMachines/jdk1.8.0_181.jdk/Contents/Home/jre/lib/server:/Library/Java/JavaVirtualMachines/jdk1.8.0_181.jdk/Contents/Home/jre/lib/server:/Library/Java/JavaVirtualMachines/jdk1.8.0_181.jdk/Contents/Home/jre/lib/server:/Library/Java/JavaVirtualMachines/jdk1.8.0_181.jdk/Contents/Home/jre/lib/server
DYLD_FALLBACK_LIBRARY_PATH=/Library/Frameworks/R.framework/Resources/lib:/Library/Frameworks/R.framework/Resources/lib:/Library/Frameworks/R.framework/Resources/lib:/Library/Frameworks/R.framework/Resources/lib:/Library/Frameworks/R.framework/Resources/lib:/Library/Frameworks/R.framework/Resources/lib:/Library/Frameworks/R.framework/Resources/lib:/Library/Frameworks/R.framework/Resources/lib:/Library/Frameworks/R.framework/Resources/lib:/Library/Frameworks/R.framework/Resources/lib:/Users/masterbasse/lib:/usr/local/lib:/usr/lib:::/lib:/Library/Java/JavaVirtualMachines/jdk-11.0.1.jdk/Contents/Home/lib/server:::/Library/Frameworks/R.framework/Resources/lib:/Library/Java/JavaVirtualMachines/jdk-11.0.1.jdk/Contents/Home/lib/server:::/Library/Frameworks/R.framework/Resources/lib:/Library/Java/JavaVirtualMachines/jdk-11.0.1.jdk/Contents/Home/lib/server:::/Library/Frameworks/R.framework/Resources/lib:/Library/Java/JavaVirtualMachines/jdk-11.0.1.jdk/Contents/Home/lib/server:::/Library/Frameworks/R.framework/Resources/lib:/Library/Java/JavaVirtualMachines/jdk-11.0.1.jdk/Contents/Home/lib/server:::/Library/Frameworks/R.framework/Resources/lib:/Library/Java/JavaVirtualMachines/jdk-11.0.1.jdk/Contents/Home/lib/server:::/Library/Frameworks/R.framework/Resources/lib:/Library/Java/JavaVirtualMachines/jdk-11.0.1.jdk/Contents/Home/lib/server:::/Library/Frameworks/R.framework/Resources/lib:/Library/Java/JavaVirtualMachines/jdk-11.0.1.jdk/Contents/Home/lib/server:::/Library/Frameworks/R.framework/Resources/lib:/Library/Java/JavaVirtualMachines/jdk-11.0.1.jdk/Contents/Home/lib/server:::/Library/Frameworks/R.framework/Resources/lib:/Library/Java/JavaVirtualMachines/jdk-11.0.1.jdk/Contents/Home/lib/server

Signal Handlers:
SIGSEGV: [libjvm.dylib+0x5b6029], sa_mask[0]=11111111011111110111111111111111, sa_flags=SA_ONSTACK|SA_RESTART|SA_SIGINFO
SIGBUS: [libjvm.dylib+0x5b6029], sa_mask[0]=11111111011111110111111111111111, sa_flags=SA_RESTART|SA_SIGINFO
SIGFPE: [libjvm.dylib+0x48b934], sa_mask[0]=11111111011111110111111111111111, sa_flags=SA_RESTART|SA_SIGINFO
SIGPIPE: [libjvm.dylib+0x48b934], sa_mask[0]=11111111011111110111111111111111, sa_flags=SA_RESTART|SA_SIGINFO
SIGXFSZ: [libjvm.dylib+0x48b934], sa_mask[0]=11111111011111110111111111111111, sa_flags=SA_RESTART|SA_SIGINFO
SIGILL: [libjvm.dylib+0x48b934], sa_mask[0]=11111111011111110111111111111111, sa_flags=SA_RESTART|SA_SIGINFO
SIGUSR1: SIG_IGN, sa_mask[0]=00000000000000000000000000000000, sa_flags=none
SIGUSR2: SIG_IGN, sa_mask[0]=00000000000000000000000000000000, sa_flags=none
SIGHUP: SIG_DFL, sa_mask[0]=00000000000000000000000000000000, sa_flags=none
SIGINT: SIG_DFL, sa_mask[0]=00000000000000000000000000000000, sa_flags=none
SIGTERM: SIG_DFL, sa_mask[0]=00000000000000000000000000000000, sa_flags=none
SIGQUIT: SIG_DFL, sa_mask[0]=00000000000000000000000000000000, sa_flags=none


---------------  S Y S T E M  ---------------

OS:Bsduname:Darwin 19.0.0 Darwin Kernel Version 19.0.0: Wed Sep 25 20:18:50 PDT 2019; root:xnu-6153.11.26~2/RELEASE_X86_64 x86_64
rlimit: STACK 8192k, CORE 0k, NPROC 2784, NOFILE 12544, AS infinity
load average:4.17 4.38 4.48

CPU:total 8 (initial active 8) (4 cores per cpu, 2 threads per core) family 6 model 158 stepping 9, cmov, cx8, fxsr, mmx, sse, sse2, sse3, ssse3, sse4.1, sse4.2, popcnt, avx, avx2, aes, clmul, erms, 3dnowpref, lzcnt, ht, tsc, tscinvbit, bmi1, bmi2, adx

Memory: 4k page, physical 16777216k(716976k free)

/proc/meminfo:


vm_info: Java HotSpot(TM) 64-Bit Server VM (25.181-b13) for bsd-amd64 JRE (1.8.0_181-b13), built on Jul  7 2018 01:02:31 by "java_re" with gcc 4.2.1 (Based on Apple Inc. build 5658) (LLVM build 2336.11.00)

time: Fri Jun 12 10:12:09 2020
elapsed time: 50841 seconds (0d 14h 7m 21s)

